d:\course 3\mbks\materials\2\handles\handles\x64\debug\vc141.pdb
d:\course 3\mbks\materials\2\handles\handles\x64\debug\vc141.idb
d:\course 3\mbks\materials\2\handles\handles\x64\debug\handles.obj
d:\course 3\mbks\materials\2\handles\handles\x64\debug\src.obj
d:\документы\visual studio 2013\projects\handles\x64\debug\handles.lib
d:\документы\visual studio 2013\projects\handles\x64\debug\handles.exp
c:\users\matvey\desktop\мбкс\2\mbks2\handles\x64\debug\handles.lib
c:\users\matvey\desktop\мбкс\2\mbks2\handles\x64\debug\handles.exp
d:\course 3\mbks\materials\2\handles\x64\debug\handles.lib
d:\course 3\mbks\materials\2\handles\x64\debug\handles.exp
c:\users\matvey\desktop\мбкс\2\mbks2\handles\x64\debug\handles.dll
c:\users\matvey\desktop\мбкс\2\mbks2\handles\x64\debug\handles.ilk
c:\users\matvey\desktop\мбкс\2\mbks2\handles\x64\debug\handles.pdb
d:\course 3\mbks\materials\2\handles\x64\debug\handles.dll
d:\course 3\mbks\materials\2\handles\x64\debug\handles.ilk
d:\course 3\mbks\materials\2\handles\x64\debug\handles.pdb
c:\users\abuly_000\documents\visual studio 2015\projects\mbks2lab\mbks2lab\handles\handles\x64\debug\handles.obj
c:\users\abuly_000\documents\visual studio 2015\projects\mbks2lab\mbks2lab\handles\handles\x64\debug\src.obj
c:\users\abuly_000\documents\visual studio 2015\projects\mbks2lab\mbks2lab\handles\handles\x64\debug\исходный код.obj
c:\users\abuly_000\documents\visual studio 2015\projects\mbks2lab\mbks2lab\handles\handles\x64\debug\vc120.idb
c:\users\abuly_000\documents\visual studio 2015\projects\mbks2lab\mbks2lab\handles\handles\x64\debug\vc141.idb
c:\users\abuly_000\documents\visual studio 2015\projects\mbks2lab\mbks2lab\handles\handles\x64\debug\vc120.pdb
c:\users\abuly_000\documents\visual studio 2015\projects\mbks2lab\mbks2lab\handles\handles\x64\debug\vc141.pdb
c:\users\abuly_000\documents\visual studio 2015\projects\mbks2lab\mbks2lab\handles\x64\debug\handles.pdb
c:\users\abuly_000\documents\visual studio 2015\projects\mbks2lab\mbks2lab\handles\x64\debug\handles.dll
c:\users\abuly_000\documents\visual studio 2015\projects\mbks2lab\mbks2lab\handles\x64\debug\handles.ilk
c:\users\abuly_000\documents\visual studio 2015\projects\mbks2lab\mbks2lab\handles\handles\x64\debug\handles.tlog\cl.command.1.tlog
c:\users\abuly_000\documents\visual studio 2015\projects\mbks2lab\mbks2lab\handles\handles\x64\debug\handles.tlog\cl.read.1.tlog
c:\users\abuly_000\documents\visual studio 2015\projects\mbks2lab\mbks2lab\handles\handles\x64\debug\handles.tlog\cl.write.1.tlog
c:\users\abuly_000\documents\visual studio 2015\projects\mbks2lab\mbks2lab\handles\handles\x64\debug\handles.tlog\handles.write.1u.tlog
c:\users\abuly_000\documents\visual studio 2015\projects\mbks2lab\mbks2lab\handles\handles\x64\debug\handles.tlog\link.command.1.tlog
c:\users\abuly_000\documents\visual studio 2015\projects\mbks2lab\mbks2lab\handles\handles\x64\debug\handles.tlog\link.delete.1.tlog
c:\users\abuly_000\documents\visual studio 2015\projects\mbks2lab\mbks2lab\handles\handles\x64\debug\handles.tlog\link.read.1.tlog
c:\users\abuly_000\documents\visual studio 2015\projects\mbks2lab\mbks2lab\handles\handles\x64\debug\handles.tlog\link.write.1.tlog
